<?xml version="1.0" encoding="utf-8"?><testsuites name="pytest tests"><testsuite name="pytest" errors="0" failures="0" skipped="0" tests="11" time="2.498" timestamp="2026-09-13T08:55:19.560256+00:00" hostname="agent-env-15142c66-86ca-4ae3-b9a1-ba688a1fe70f"><testcase classname="tests.test_medmatch_branding" name="test_root_service_name" time="0.123" /><testcase classname="tests.test_medmatch_branding" name="test_demo_login[asha@medmatch.in-Asha@2026-asha-None]" time="0.384" /><testcase classname="tests.test_medmatch_branding" name="test_demo_login[patient@medmatch.in-Patient@2026-patient-None]" time="0.381" /><testcase classname="tests.test_medmatch_branding" name="test_demo_login[hospital@medmatch.in-Hosp@2026-hospital-None]" time="0.502" /><testcase classname="tests.test_medmatch_branding" name="test_sos_chest_pain_urgent_cardiology" time="0.141" /><testcase classname="tests.test_medmatch_branding" name="test_sos_hindi_chest_pain" time="0.072" /><testcase classname="tests.test_medmatch_branding" name="test_sos_skin_dermatology_lower_urgency" time="0.091" /><testcase classname="tests.test_medmatch_branding" name="test_hospitals_list" time="0.089" /><testcase classname="tests.test_medmatch_branding" name="test_hospital_cardio_search_backend_filter_check" time="0.077" /><testcase classname="tests.test_medmatch_branding" name="test_jaipur_hospital_present" time="0.093" /><testcase classname="tests.test_medmatch_branding" name="test_match_requires_auth" time="0.081" /></testsuite></testsuites>