<?xml version="1.0" encoding="utf-8"?><testsuites name="pytest tests"><testsuite name="pytest" errors="0" failures="0" skipped="0" tests="18" time="4.048" timestamp="2026-09-12T21:11:15.696453+00:00" hostname="agent-env-15142c66-86ca-4ae3-b9a1-ba688a1fe70f"><testcase classname="tests.test_sanjeevani_backend.TestDoctors" name="test_list_doctors_public" time="0.274" /><testcase classname="tests.test_sanjeevani_backend.TestSosTriage" name="test_triage_specialty_mapping[chest pain-cardiology]" time="0.285" /><testcase classname="tests.test_sanjeevani_backend.TestDoctors" name="test_list_doctors_filters" time="0.079" /><testcase classname="tests.test_sanjeevani_backend.TestSosTriage" name="test_triage_specialty_mapping[\u0938\u0940\u0928\u0947 \u092e\u0947\u0902 \u0926\u0930\u094d\u0926-cardiology]" time="0.205" /><testcase classname="tests.test_sanjeevani_backend.TestSosTriage" name="test_triage_specialty_mapping[miscarriage-obstetrics]" time="0.298" /><testcase classname="tests.test_sanjeevani_backend.TestDoctors" name="test_hospital_can_crud_own_doctor" time="1.507" /><testcase classname="tests.test_sanjeevani_backend.TestSosTriage" name="test_triage_specialty_mapping[\u0917\u0930\u094d\u092d\u092a\u093e\u0924-obstetrics]" time="0.104" /><testcase classname="tests.test_sanjeevani_backend.TestSosTriage" name="test_triage_specialty_mapping[skin problems-dermatology]" time="0.122" /><testcase classname="tests.test_sanjeevani_backend.TestSosTriage" name="test_triage_specialty_mapping[\u0924\u094d\u0935\u091a\u093e \u092e\u0947\u0902 \u0916\u0941\u091c\u0932\u0940-dermatology]" time="0.080" /><testcase classname="tests.test_sanjeevani_backend.TestSosTriage" name="test_triage_specialty_mapping[migraine-neurology]" time="0.075" /><testcase classname="tests.test_sanjeevani_backend.TestSosTriage" name="test_triage_specialty_mapping[\u092e\u093e\u0907\u0917\u094d\u0930\u0947\u0928-neurology]" time="0.110" /><testcase classname="tests.test_sanjeevani_backend.TestSosTriage" name="test_triage_public_no_auth" time="0.108" /><testcase classname="tests.test_sanjeevani_backend.TestHospitalAvailability" name="test_hospital_updates_own" time="0.705" /><testcase classname="tests.test_sanjeevani_backend.TestDoctors" name="test_hospital_cannot_edit_other_hospital_doctor" time="0.408" /><testcase classname="tests.test_sanjeevani_backend.TestHospitalAvailability" name="test_hospital_cannot_update_other" time="0.152" /><testcase classname="tests.test_sanjeevani_backend.TestDoctorInitiatedReferral" name="test_hospital_create_patient_and_referral_full_flow" time="1.293" /><testcase classname="tests.test_sanjeevani_backend.TestDoctors" name="test_asha_forbidden_on_doctor_writes" time="0.581" /><testcase classname="tests.test_sanjeevani_backend.TestMatch" name="test_match_returns_ranked_hospitals" time="0.079" /></testsuite></testsuites>