<?xml version="1.0" encoding="utf-8"?><testsuites name="pytest tests"><testsuite name="pytest" errors="0" failures="0" skipped="0" tests="6" time="2.454" timestamp="2026-09-13T08:05:23.237658+00:00" hostname="agent-env-15142c66-86ca-4ae3-b9a1-ba688a1fe70f"><testcase classname="tests.test_family_flow.TestSpecialtyMappingHindiEnglish" name="test_triage[\u0938\u0940\u0928\u0947 \u092e\u0947\u0902 \u0926\u0930\u094d\u0926-cardiology]" time="0.480" /><testcase classname="tests.test_family_flow.TestSpecialtyMappingHindiEnglish" name="test_triage[skin problem-dermatology]" time="0.362" /><testcase classname="tests.test_family_flow.TestFamilyMembers" name="test_patient_can_list_own_patients_only" time="1.302" /><testcase classname="tests.test_family_flow.TestNoReferralInSelfFlow" name="test_referrals_unchanged_after_sos_triage_by_patient" time="0.505" /><testcase classname="tests.test_family_flow.TestFamilyMembers" name="test_create_family_member_persistence_and_edit" time="0.415" /><testcase classname="tests.test_family_flow.TestFamilyMembers" name="test_patch_and_delete_other_users_record_forbidden" time="0.263" /></testsuite></testsuites>